<?xml version="1.0" encoding="UTF-8"?>
<testsuite xmlns:xsi="http://www.w3.org/2001/XMLSchema-instance" xsi:noNamespaceSchemaLocation="https://maven.apache.org/surefire/maven-surefire-plugin/xsd/surefire-test-report-3.0.xsd" version="3.0" name="Wiki search features" time="90.736" tests="9" errors="0" skipped="0" failures="1">
  <properties>
[...]
</properties>
  <testcase name="Wikipedia Search Functionality Title Verification #1" classname="Wiki search features" time="10.794">
    <system-out><![CDATA[Apr 28, 2025 12:50:57 PM net.masterthought.cucumber.ReportParser parseJsonFiles
INFO: File 'C:\Users\nikol\AppData\Local\Temp\cucumber1088352725256742321.json' contains 1 features

SLF4J: Failed to load class "org.slf4j.impl.StaticLoggerBinder".
SLF4J: Defaulting to no-operation (NOP) logger implementation
SLF4J: See http://www.slf4j.org/codes.html#StaticLoggerBinder for further details.
&amp#27;[32m&amp#27;[1m┌──────────────────────────────────────────────────────────────────────────┐&amp#27;[0m
&amp#27;[32m&amp#27;[1m│&amp#27;[0m View your Cucumber Report at:                                            &amp#27;[32m&amp#27;[1m│&amp#27;[0m
&amp#27;[32m&amp#27;[1m│&amp#27;[0m &amp#27;[1m&amp#27;[36m&amp#27;[4mhttps://reports.cucumber.io/reports/2111aa3b-1e31-4ffa-80fe-b6d0831d8ae1&amp#27;[0m &amp#27;[32m&amp#27;[1m│&amp#27;[0m
&amp#27;[32m&amp#27;[1m│&amp#27;[0m                                                                          &amp#27;[32m&amp#27;[1m│&amp#27;[0m
&amp#27;[32m&amp#27;[1m│&amp#27;[0m &amp#27;[1mThis report will self-destruct in 24h.&amp#27;[0m                                   &amp#27;[32m&amp#27;[1m│&amp#27;[0m
&amp#27;[32m&amp#27;[1m│&amp#27;[0m Keep reports forever: &amp#27;[4m&amp#27;[1m&amp#27;[36mhttps://reports.cucumber.io/profile&amp#27;[0m                &amp#27;[32m&amp#27;[1m│&amp#27;[0m
&amp#27;[32m&amp#27;[1m└──────────────────────────────────────────────────────────────────────────┘&amp#27;[0m
---> @Before: RUNNING BEFORE EACH SCENARIO
---> @After: RUNNING AFTER EACH SCENARIO
]]></system-out>
  </testcase>
  <testcase name="Wikipedia Search Functionality Title Verification #2" classname="Wiki search features" time="10.283">
    <system-out><![CDATA[---> @Before: RUNNING BEFORE EACH SCENARIO
---> @After: RUNNING AFTER EACH SCENARIO
]]></system-out>
  </testcase>
  <testcase name="Wikipedia Search Functionality Title Verification #3" classname="Wiki search features" time="9.884">
    <system-out><![CDATA[---> @Before: RUNNING BEFORE EACH SCENARIO
---> @After: RUNNING AFTER EACH SCENARIO
]]></system-out>
  </testcase>
  <testcase name="Wikipedia Search Functionality with Scenario Outline #1" classname="Wiki search features" time="9.97">
    <system-out><![CDATA[---> @Before: RUNNING BEFORE EACH SCENARIO
---> @After: RUNNING AFTER EACH SCENARIO
]]></system-out>
  </testcase>
  <testcase name="Wikipedia Search Functionality with Scenario Outline #2" classname="Wiki search features" time="9.992">
    <failure message="expected:&lt;[Search results]&gt; but was:&lt;[Marry Barra]&gt;" type="org.junit.ComparisonFailure"><![CDATA[org.junit.ComparisonFailure: expected:<[Search results]> but was:<[Marry Barra]>
]]></failure>
    <system-out><![CDATA[---> @Before: RUNNING BEFORE EACH SCENARIO
---> @After: RUNNING AFTER EACH SCENARIO
]]></system-out>
  </testcase>
  <testcase name="Wikipedia Search Functionality with Scenario Outline #3" classname="Wiki search features" time="10.015">
    <system-out><![CDATA[---> @Before: RUNNING BEFORE EACH SCENARIO
---> @After: RUNNING AFTER EACH SCENARIO
]]></system-out>
  </testcase>
  <testcase name="Wikipedia Search Functionality with Scenario Outline #4" classname="Wiki search features" time="9.95">
    <system-out><![CDATA[---> @Before: RUNNING BEFORE EACH SCENARIO
---> @After: RUNNING AFTER EACH SCENARIO
]]></system-out>
  </testcase>
  <testcase name="Wikipedia Search Functionality with Scenario Outline #5" classname="Wiki search features" time="9.942">
    <system-out><![CDATA[---> @Before: RUNNING BEFORE EACH SCENARIO
---> @After: RUNNING AFTER EACH SCENARIO
]]></system-out>
  </testcase>
  <testcase name="Wikipedia Search Functionality with Scenario Outline #6" classname="Wiki search features" time="9.906">
    <system-out><![CDATA[---> @Before: RUNNING BEFORE EACH SCENARIO
---> @After: RUNNING AFTER EACH SCENARIO
]]></system-out>
  </testcase>
</testsuite>